[CLIENT] Connected to server
[SERVER] Client connected
[CLIENT-SENT] jdjd
[SERVER-RECEIVED] jdjd
[SERVER-SENT] jdjd
[CLIENT-RECEIVED] jdjd
[CLIENT-SENT] fnfnfn
[SERVER-RECEIVED] fnfnfn
[SERVER-SENT] fnfnfn
[CLIENT-RECEIVED] fnfnfn
[CLIENT-SENT] hi
[SERVER-RECEIVED] hi
[SERVER-SENT] hi
[CLIENT-RECEIVED] hi
[CLIENT-SENT] hello
[SERVER-RECEIVED] hello
[SERVER-SENT] hello
[CLIENT-RECEIVED] hello
[CLIENT-SENT] what do u want
[SERVER-RECEIVED] what do u want
[CLIENT-RECEIVED] what do u want
[SERVER-SENT] what do u want
[SERVER] Client disconnected
[SERVER] Client connected
[CLIENT] Connected to server
[CLIENT-SENT] halo
[SERVER-RECEIVED] halo
[SERVER-SENT] halo
[CLIENT-RECEIVED] halo
[SERVER] Client connected
[CLIENT] Connected to server
[CLIENT-SENT] hello
[SERVER-RECEIVED] hello
[SERVER-SENT] hi
[CLIENT-RECEIVED] hi
[SERVER] Client connected
[CLIENT] Connected to server
[CLIENT-SENT] hi
[SERVER-RECEIVED] hi
[CLIENT] Server disconnected
[SERVER] Client connected
[CLIENT] Connected to server
[CLIENT-SENT] hi
[SERVER-RECEIVED] hi
[CLIENT] Server disconnected
[SERVER] Client connected
[CLIENT] Connected to server
[CLIENT-SENT] hi
[SERVER-RECEIVED] hi
[SERVER-SENT] hi
[CLIENT-RECEIVED] hi
[CLIENT-SENT] hello
[SERVER-RECEIVED] hello
[SERVER-SENT] hello
[CLIENT-RECEIVED] hello
[SERVER] Client disconnected
